   1              		.file	"hardware.c"
   9              	.Ltext0:
  10              		.align	2
  11              		.global	LED
  13              	LED:
  14              	.LFB2:
  15              	.LM1:
  16              		@ Function supports interworking.
  17              		@ args = 0, pretend = 0, frame = 8
  18              		@ frame_needed = 1, uses_anonymous_args = 0
  19 0000 0DC0A0E1 		mov	ip, sp
  20              	.LCFI0:
  21 0004 00D82DE9 		stmfd	sp!, {fp, ip, lr, pc}
  22              	.LCFI1:
  23 0008 04B04CE2 		sub	fp, ip, #4
  24              	.LCFI2:
  25 000c 08D04DE2 		sub	sp, sp, #8
  26              	.LCFI3:
  27 0010 0030A0E1 		mov	r3, r0
  28 0014 0120A0E1 		mov	r2, r1
  29 0018 10304BE5 		strb	r3, [fp, #-16]
  30 001c 0230A0E1 		mov	r3, r2
  31 0020 14304BE5 		strb	r3, [fp, #-20]
  32              	.LM2:
  33 0024 10305BE5 		ldrb	r3, [fp, #-16]	@ zero_extendqisi2
  34 0028 010053E3 		cmp	r3, #1
  35 002c 1300008A 		bhi	.L6
  36              	.LM3:
  37 0030 14305BE5 		ldrb	r3, [fp, #-20]	@ zero_extendqisi2
  38 0034 000053E3 		cmp	r3, #0
  39 0038 0800001A 		bne	.L4
  40              	.LM4:
  41 003c 0E22A0E3 		mov	r2, #-536870912
  42 0040 0A2982E2 		add	r2, r2, #163840
  43 0044 142082E2 		add	r2, r2, #20
  44 0048 10305BE5 		ldrb	r3, [fp, #-16]	@ zero_extendqisi2
  45 004c 181083E2 		add	r1, r3, #24
  46 0050 0130A0E3 		mov	r3, #1
  47 0054 1331A0E1 		mov	r3, r3, asl r1
  48 0058 003082E5 		str	r3, [r2, #0]
  49 005c 070000EA 		b	.L6
  50              	.L4:
  51              	.LM5:
  52 0060 0E22A0E3 		mov	r2, #-536870912
  53 0064 0A2982E2 		add	r2, r2, #163840
  54 0068 1C2082E2 		add	r2, r2, #28
  55 006c 10305BE5 		ldrb	r3, [fp, #-16]	@ zero_extendqisi2
  56 0070 181083E2 		add	r1, r3, #24
  57 0074 0130A0E3 		mov	r3, #1
  58 0078 1331A0E1 		mov	r3, r3, asl r1
  59 007c 003082E5 		str	r3, [r2, #0]
  60              	.L6:
  61              	.LM6:
  62 0080 0CD04BE2 		sub	sp, fp, #12
  63 0084 00689DE8 		ldmfd	sp, {fp, sp, lr}
  64 0088 1EFF2FE1 		bx	lr
  65              	.LFE2:
  67              		.comm	GPS_timeout,4,4
  68              		.comm	SYSTEM_initialized,1,1
 110              	.Letext0:
DEFINED SYMBOLS
                            *ABS*:00000000 hardware.c
     /tmp/ccfXW7Rk.s:10     .text:00000000 $a
     /tmp/ccfXW7Rk.s:13     .text:00000000 LED
                            *COM*:00000004 GPS_timeout
                            *COM*:00000001 SYSTEM_initialized
     /tmp/ccfXW7Rk.s:82     .debug_frame:00000010 $d

NO UNDEFINED SYMBOLS
